<?xml version="1.0" encoding="UTF-8"?>
<!-- Generated by org.testng.reporters.JUnitReportReporter -->
<testsuite skipped="0" hostname="Lenovo" name="com.jenkinss.Testone" tests="4" failures="0" timestamp="18 Sep 2018 09:55:23 GMT" time="0.081" errors="0">
  <testcase name="multi" time="0.007" classname="com.jenkinss.Testone"/>
  <testcase name="div" time="0.062" classname="com.jenkinss.Testone"/>
  <testcase name="sum" time="0.005" classname="com.jenkinss.Testone"/>
  <testcase name="sub" time="0.007" classname="com.jenkinss.Testone"/>
</testsuite> <!-- com.jenkinss.Testone -->
